<?xml version="1.0" encoding="UTF-8"?>
<!-- Generated by org.testng.reporters.JUnitReportReporter -->
<testsuite hostname="Radhekrishna-NUC" failures="0" tests="1" name="ExtentReports.SeleniumLoginTestWithScreenshot" time="1.281" errors="0" timestamp="2024-03-10T20:31:46 IST" skipped="0">
  <testcase classname="ExtentReports.SeleniumLoginTestWithScreenshot" name="test" time="1.281"/>
</testsuite> <!-- ExtentReports.SeleniumLoginTestWithScreenshot -->
