<?xml version="1.0" encoding="UTF-8"?>
<!-- Generated by org.testng.reporters.JUnitReportReporter -->
<testsuite hostname="Radhekrishna-NUC" failures="0" tests="1" name="ExtentReports.SeleniumLoginTest" time="1.347" errors="0" timestamp="2024-03-08T17:43:21 IST" skipped="0">
  <testcase classname="ExtentReports.SeleniumLoginTest" name="test" time="1.347"/>
</testsuite> <!-- ExtentReports.SeleniumLoginTest -->
