<?xml version="1.0" encoding="UTF-8"?>
<!-- Generated by org.testng.reporters.JUnitReportReporter -->
<testsuite hostname="Radhekrishna-NUC" failures="0" tests="1" name="ExtentReports.SeleniumLoginTestWithScreenshot" time="1.426" errors="0" timestamp="2024-03-08T21:14:40 IST" skipped="0">
  <testcase classname="ExtentReports.SeleniumLoginTestWithScreenshot" name="test" time="1.426"/>
</testsuite> <!-- ExtentReports.SeleniumLoginTestWithScreenshot -->
