<?xml version="1.0" encoding="UTF-8"?>
<!-- Generated by org.testng.reporters.JUnitReportReporter -->
<testsuite hostname="Radhekrishna-NUC" failures="0" tests="1" name="ExtentReports.SeleniumLoginTestWithAventstackExtentReports" time="0.928" errors="0" timestamp="2024-03-08T19:09:35 IST" skipped="0">
  <testcase classname="ExtentReports.SeleniumLoginTestWithAventstackExtentReports" name="test" time="0.928"/>
</testsuite> <!-- ExtentReports.SeleniumLoginTestWithAventstackExtentReports -->
