<?xml version="1.0" encoding="UTF-8"?>
<!-- Generated by org.testng.reporters.JUnitReportReporter -->
<testsuite hostname="Radhekrishna-NUC" failures="0" tests="1" name="ExtentReports.Test1" time="4.334" errors="0" timestamp="2024-03-11T21:51:45 IST" skipped="0">
  <testcase classname="ExtentReports.Test1" name="test1_validationLoginTest" time="4.334"/>
</testsuite> <!-- ExtentReports.Test1 -->
