<?xml version="1.0" encoding="UTF-8"?>
<!-- Generated by org.testng.reporters.JUnitReportReporter -->
<testsuite hostname="Radhekrishna-NUC" failures="0" tests="1" name="ExtentReports.SeleniumLoginTestScreenshots" time="0.963" errors="0" timestamp="2024-03-08T18:56:12 IST" skipped="0">
  <testcase classname="ExtentReports.SeleniumLoginTestScreenshots" name="test" time="0.963"/>
</testsuite> <!-- ExtentReports.SeleniumLoginTestScreenshots -->
