<?xml version="1.0" encoding="UTF-8"?>
<!-- Generated by org.testng.reporters.JUnitReportReporter -->
<testsuite hostname="Radhekrishna-NUC" failures="0" tests="1" name="ExtentReports.SeleniumLoginTest" time="0.893" errors="0" timestamp="2024-03-08T17:26:51 IST" skipped="0">
  <testcase classname="ExtentReports.SeleniumLoginTest" name="test" time="0.893"/>
</testsuite> <!-- ExtentReports.SeleniumLoginTest -->
